<?xml version="1.0" encoding="UTF-8"?>
<testng-results skipped="0" failed="0" ignored="0" total="1" passed="1">
  <reporter-output>
  </reporter-output>
  <suite name="Suite" duration-ms="11049" started-at="2019-10-01T21:18:23Z" finished-at="2019-10-01T21:18:34Z">
    <groups>
    </groups>
    <test name="Test" duration-ms="11049" started-at="2019-10-01T21:18:23Z" finished-at="2019-10-01T21:18:34Z">
      <class name="myClass">
        <test-method status="PASS" signature="test1()[pri:0, instance:myClass@3d8c7aca]" name="test1" duration-ms="11014" started-at="2019-10-01T21:18:23Z" finished-at="2019-10-01T21:18:34Z">
          <reporter-output>
          </reporter-output>
        </test-method> <!-- test1 -->
      </class> <!-- myClass -->
    </test> <!-- Test -->
  </suite> <!-- Suite -->
</testng-results>
